c:\users\kangjungill\source\repos\assn1\csed232_re\assn3\assn3\debug\vc142.pdb
c:\users\kangjungill\source\repos\assn1\csed232_re\assn3\assn3\debug\vc142.idb
c:\users\kangjungill\source\repos\assn1\csed232_re\assn3\assn3\debug\square.obj
c:\users\kangjungill\source\repos\assn1\csed232_re\assn3\assn3\debug\rook.obj
c:\users\kangjungill\source\repos\assn1\csed232_re\assn3\assn3\debug\piecearray.obj
c:\users\kangjungill\source\repos\assn1\csed232_re\assn3\assn3\debug\piece.obj
c:\users\kangjungill\source\repos\assn1\csed232_re\assn3\assn3\debug\pawn.obj
c:\users\kangjungill\source\repos\assn1\csed232_re\assn3\assn3\debug\king.obj
c:\users\kangjungill\source\repos\assn1\csed232_re\assn3\assn3\debug\board.obj
c:\users\kangjungill\source\repos\assn1\csed232_re\assn3\assn3\debug\bishop.obj
c:\users\kangjungill\source\repos\assn1\csed232_re\assn3\assn3\debug\assn3.obj
c:\users\kangjungill\source\repos\assn1\csed232_re\assn3\debug\assn3.ilk
c:\users\kangjungill\source\repos\assn1\csed232_re\assn3\debug\assn3.exe
c:\users\kangjungill\source\repos\assn1\csed232_re\assn3\debug\assn3.pdb
c:\users\kangjungill\source\repos\assn1\csed232_re\assn3\assn3\debug\assn3.tlog\cl.command.1.tlog
c:\users\kangjungill\source\repos\assn1\csed232_re\assn3\assn3\debug\assn3.tlog\cl.read.1.tlog
c:\users\kangjungill\source\repos\assn1\csed232_re\assn3\assn3\debug\assn3.tlog\cl.write.1.tlog
c:\users\kangjungill\source\repos\assn1\csed232_re\assn3\assn3\debug\assn3.tlog\link.command.1.tlog
c:\users\kangjungill\source\repos\assn1\csed232_re\assn3\assn3\debug\assn3.tlog\link.read.1.tlog
c:\users\kangjungill\source\repos\assn1\csed232_re\assn3\assn3\debug\assn3.tlog\link.write.1.tlog
