c:\users\kangjungill\source\repos\assn1\csed232_re\assn2\assn2\assn2\x64\debug\vc142.pdb
c:\users\kangjungill\source\repos\assn1\csed232_re\assn2\assn2\assn2\x64\debug\vc142.idb
c:\users\kangjungill\source\repos\assn1\csed232_re\assn2\assn2\assn2\x64\debug\pokemon.obj
c:\users\kangjungill\source\repos\assn1\csed232_re\assn2\assn2\assn2\x64\debug\cpokemon.obj
c:\users\kangjungill\source\repos\assn1\csed232_re\assn2\assn2\assn2\x64\debug\ctrainer.obj
c:\users\kangjungill\source\repos\assn1\csed232_re\assn2\assn2\assn2\x64\debug\crival.obj
c:\users\kangjungill\source\repos\assn1\csed232_re\assn2\assn2\x64\debug\assn2.exe
c:\users\kangjungill\source\repos\assn1\csed232_re\assn2\assn2\x64\debug\assn2.ilk
c:\users\kangjungill\source\repos\assn1\csed232_re\assn2\assn2\x64\debug\assn2.pdb
c:\users\kangjungill\source\repos\assn1\csed232_re\assn2\assn2\assn2\x64\debug\pokemon.obj.enc
c:\users\kangjungill\source\repos\assn1\csed232_re\assn2\assn2\assn2\x64\debug\cpokemon.nativecodeanalysis.xml
c:\users\kangjungill\source\repos\assn1\csed232_re\assn2\assn2\assn2\x64\debug\crival.nativecodeanalysis.xml
c:\users\kangjungill\source\repos\assn1\csed232_re\assn2\assn2\assn2\x64\debug\ctrainer.nativecodeanalysis.xml
c:\users\kangjungill\source\repos\assn1\csed232_re\assn2\assn2\assn2\x64\debug\pokemon.nativecodeanalysis.xml
c:\users\kangjungill\source\repos\assn1\csed232_re\assn2\assn2\assn2\x64\debug\vc.nativecodeanalysis.all.xml
c:\users\kangjungill\source\repos\assn1\csed232_re\assn2\assn2\assn2\x64\debug\assn2.tlog\cl.command.1.tlog
c:\users\kangjungill\source\repos\assn1\csed232_re\assn2\assn2\assn2\x64\debug\assn2.tlog\cl.read.1.tlog
c:\users\kangjungill\source\repos\assn1\csed232_re\assn2\assn2\assn2\x64\debug\assn2.tlog\cl.write.1.tlog
c:\users\kangjungill\source\repos\assn1\csed232_re\assn2\assn2\assn2\x64\debug\assn2.tlog\link.command.1.tlog
c:\users\kangjungill\source\repos\assn1\csed232_re\assn2\assn2\assn2\x64\debug\assn2.tlog\link.read.1.tlog
c:\users\kangjungill\source\repos\assn1\csed232_re\assn2\assn2\assn2\x64\debug\assn2.tlog\link.write.1.tlog
